Using pre-set license

 COMMAND LINE ARGUMENTS:
/Applications/Unity/Hub/Editor/2021.1.0b3/Unity.app/Contents/MacOS/Unity
-adb2
-batchMode
-noUpm
-name
AssetImportWorker0
-projectPath
/Users/dariuslovett/Castle Noir
-logFile
Logs/AssetImportWorker0.log
-srvPort
50249
Successfully changed project path to: /Users/dariuslovett/Castle Noir
/Users/dariuslovett/Castle Noir
Using Asset Import Pipeline V2.
Refreshing native plugins compatible for Editor in 93.90 ms, found 2 plugins.
Preloading 0 native plugins for Editor in 0.00 ms.
Initialize engine version: 2021.1.0b3 (202fb86be42c)
[Subsystems] Discovering subsystems at path /Applications/Unity/Hub/Editor/2021.1.0b3/Unity.app/Contents/Resources/UnitySubsystems
[Subsystems] Discovering subsystems at path /Users/dariuslovett/Castle Noir/Assets
GfxDevice: creating device client; threaded=0; jobified=0
2022-05-12 20:30:23.526 Unity[89912:5427175] (null) preferred device: Apple M1 (high power)
2022-05-12 20:30:23.527 Unity[89912:5427175] Metal devices available: 1
2022-05-12 20:30:23.527 Unity[89912:5427175] 0: Apple M1 (high power)
2022-05-12 20:30:23.527 Unity[89912:5427175] Using device Apple M1 (high power)
Initializing Metal device caps: Apple M1
Initialize mono
Mono path[0] = '/Applications/Unity/Hub/Editor/2021.1.0b3/Unity.app/Contents/Managed'
Mono path[1] = '/Applications/Unity/Hub/Editor/2021.1.0b3/Unity.app/Contents/MonoBleedingEdge/lib/mono/unityjit'
Mono config path = '/Applications/Unity/Hub/Editor/2021.1.0b3/Unity.app/Contents/MonoBleedingEdge/etc'
Using monoOptions --debugger-agent=transport=dt_socket,embedding=1,server=y,suspend=n,address=127.0.0.1:56912
Begin MonoManager ReloadAssembly
Registering precompiled unity dll's ...
Register platform support module: /Applications/Unity/Hub/Editor/2021.1.0b3/Unity.app/Contents/PlaybackEngines/MacStandaloneSupport/UnityEditor.OSXStandalone.Extensions.dll
Registered in 0.000293 seconds.
Native extension for OSXStandalone target not found
Refreshing native plugins compatible for Editor in 94.16 ms, found 2 plugins.
Preloading 0 native plugins for Editor in 0.00 ms.
Mono: successfully reloaded assembly
- Completed reload, in  2.634 seconds
Platform modules already initialized, skipping
Registering precompiled user dll's ...
Registered in 0.001090 seconds.
Begin MonoManager ReloadAssembly
Native extension for OSXStandalone target not found
Refreshing native plugins compatible for Editor in 0.59 ms, found 2 plugins.
Preloading 0 native plugins for Editor in 0.00 ms.
Mono: successfully reloaded assembly
- Completed reload, in  1.791 seconds
Platform modules already initialized, skipping
========================================================================
Worker process is ready to serve import requests
Launching external process: /Applications/Unity/Hub/Editor/2021.1.0b3/Unity.app/Contents/Tools/UnityShaderCompiler
Launched and connected shader compiler UnityShaderCompiler after 0.06 seconds
Refreshing native plugins compatible for Editor in 0.63 ms, found 2 plugins.
Preloading 0 native plugins for Editor in 0.00 ms.
Unloading 3299 Unused Serialized files (Serialized files now loaded: 0)
System memory in use before: 333.2 MB.
System memory in use after: 333.3 MB.

Unloading 25 unused Assets to reduce memory usage. Loaded Objects now: 3749.
Total: 1.925083 ms (FindLiveObjects: 0.201666 ms CreateObjectMapping: 0.072584 ms MarkObjects: 1.571334 ms  DeleteObjects: 0.078875 ms)

========================================================================
Received Import Request.
  path: Assets/Sprites/PlatformerSet1
  artifactKey: Guid(2ce523c74ba324e83a6cf3d4ae42acdd) Importer(815301076,1909f56bfc062723c751e8b465ee728b)
Start importing Assets/Sprites/PlatformerSet1 using Guid(2ce523c74ba324e83a6cf3d4ae42acdd) Importer(815301076,1909f56bfc062723c751e8b465ee728b)  -> (artifact id: 'e15b90fe75df87ed1e3827124d08d2cb') in 0.007782 seconds 
========================================================================
Received Prepare
Refreshing native plugins compatible for Editor in 1.19 ms, found 2 plugins.
Preloading 0 native plugins for Editor in 0.00 ms.
Unloading 13 Unused Serialized files (Serialized files now loaded: 0)
System memory in use before: 267.7 MB.
System memory in use after: 267.8 MB.

Unloading 13 unused Assets to reduce memory usage. Loaded Objects now: 3749.
Total: 1.816791 ms (FindLiveObjects: 0.161208 ms CreateObjectMapping: 0.155333 ms MarkObjects: 1.421875 ms  DeleteObjects: 0.077791 ms)

========================================================================
Received Prepare
Registering precompiled user dll's ...
Registered in 0.001407 seconds.
Begin MonoManager ReloadAssembly
Native extension for OSXStandalone target not found
Refreshing native plugins compatible for Editor in 0.60 ms, found 2 plugins.
Preloading 0 native plugins for Editor in 0.00 ms.
Mono: successfully reloaded assembly
- Completed reload, in  1.704 seconds
Platform modules already initialized, skipping
Refreshing native plugins compatible for Editor in 0.52 ms, found 2 plugins.
Preloading 0 native plugins for Editor in 0.00 ms.
Unloading 3291 Unused Serialized files (Serialized files now loaded: 0)
System memory in use before: 333.1 MB.
System memory in use after: 333.3 MB.

Unloading 15 unused Assets to reduce memory usage. Loaded Objects now: 3751.
Total: 1.747167 ms (FindLiveObjects: 0.177292 ms CreateObjectMapping: 0.157500 ms MarkObjects: 1.350000 ms  DeleteObjects: 0.061209 ms)

========================================================================
Received Import Request.
  Time since last request: 256.751097 seconds.
  path: Assets/Animations/Player/Die.anim
  artifactKey: Guid(86074354d50c24876b3363fca4ff48df) Importer(815301076,1909f56bfc062723c751e8b465ee728b)
Start importing Assets/Animations/Player/Die.anim using Guid(86074354d50c24876b3363fca4ff48df) Importer(815301076,1909f56bfc062723c751e8b465ee728b)  -> (artifact id: '12a4874a02e5e133fedc7ae53e134023') in 0.095020 seconds 
========================================================================
Received Prepare
Registering precompiled user dll's ...
Registered in 0.001356 seconds.
Begin MonoManager ReloadAssembly
Native extension for OSXStandalone target not found
Refreshing native plugins compatible for Editor in 0.57 ms, found 2 plugins.
Preloading 0 native plugins for Editor in 0.00 ms.
Mono: successfully reloaded assembly
- Completed reload, in  1.687 seconds
Platform modules already initialized, skipping
Refreshing native plugins compatible for Editor in 0.50 ms, found 2 plugins.
Preloading 0 native plugins for Editor in 0.00 ms.
Unloading 3291 Unused Serialized files (Serialized files now loaded: 0)
System memory in use before: 337.7 MB.
System memory in use after: 337.8 MB.

Unloading 15 unused Assets to reduce memory usage. Loaded Objects now: 3753.
Total: 1.840750 ms (FindLiveObjects: 0.171542 ms CreateObjectMapping: 0.161959 ms MarkObjects: 1.437334 ms  DeleteObjects: 0.068666 ms)

========================================================================
Received Import Request.
  Time since last request: 31.966422 seconds.
  path: Assets/Animations/Player/Damaged.anim
  artifactKey: Guid(40620cae9cf5349fc99a828db2366a24) Importer(815301076,1909f56bfc062723c751e8b465ee728b)
Start importing Assets/Animations/Player/Damaged.anim using Guid(40620cae9cf5349fc99a828db2366a24) Importer(815301076,1909f56bfc062723c751e8b465ee728b)  -> (artifact id: '0c2339fb19ae3b1b07af6f3e4f8de5ce') in 0.026670 seconds 
========================================================================
Received Prepare
Registering precompiled user dll's ...
Registered in 0.002376 seconds.
Begin MonoManager ReloadAssembly
Native extension for OSXStandalone target not found
Refreshing native plugins compatible for Editor in 0.58 ms, found 2 plugins.
Preloading 0 native plugins for Editor in 0.00 ms.
Mono: successfully reloaded assembly
- Completed reload, in  1.700 seconds
Platform modules already initialized, skipping
Refreshing native plugins compatible for Editor in 0.62 ms, found 2 plugins.
Preloading 0 native plugins for Editor in 0.00 ms.
Unloading 3291 Unused Serialized files (Serialized files now loaded: 0)
System memory in use before: 337.9 MB.
System memory in use after: 338.1 MB.

Unloading 15 unused Assets to reduce memory usage. Loaded Objects now: 3755.
Total: 1.736417 ms (FindLiveObjects: 0.166958 ms CreateObjectMapping: 0.160250 ms MarkObjects: 1.345791 ms  DeleteObjects: 0.062208 ms)

========================================================================
Received Prepare
Registering precompiled user dll's ...
Registered in 0.002554 seconds.
Begin MonoManager ReloadAssembly
Native extension for OSXStandalone target not found
Refreshing native plugins compatible for Editor in 0.61 ms, found 2 plugins.
Preloading 0 native plugins for Editor in 0.00 ms.
Mono: successfully reloaded assembly
- Completed reload, in  1.688 seconds
Platform modules already initialized, skipping
Refreshing native plugins compatible for Editor in 0.51 ms, found 2 plugins.
Preloading 0 native plugins for Editor in 0.00 ms.
Unloading 3291 Unused Serialized files (Serialized files now loaded: 0)
System memory in use before: 338.1 MB.
System memory in use after: 338.3 MB.

Unloading 15 unused Assets to reduce memory usage. Loaded Objects now: 3757.
Total: 1.798667 ms (FindLiveObjects: 0.172292 ms CreateObjectMapping: 0.161750 ms MarkObjects: 1.395875 ms  DeleteObjects: 0.067500 ms)

========================================================================
Received Prepare
Registering precompiled user dll's ...
Registered in 0.001455 seconds.
Begin MonoManager ReloadAssembly
Native extension for OSXStandalone target not found
Refreshing native plugins compatible for Editor in 0.62 ms, found 2 plugins.
Preloading 0 native plugins for Editor in 0.00 ms.
Mono: successfully reloaded assembly
- Completed reload, in  1.766 seconds
Platform modules already initialized, skipping
Refreshing native plugins compatible for Editor in 0.58 ms, found 2 plugins.
Preloading 0 native plugins for Editor in 0.00 ms.
Unloading 3291 Unused Serialized files (Serialized files now loaded: 0)
System memory in use before: 338.4 MB.
System memory in use after: 338.5 MB.

Unloading 15 unused Assets to reduce memory usage. Loaded Objects now: 3759.
Total: 1.872792 ms (FindLiveObjects: 0.187084 ms CreateObjectMapping: 0.163250 ms MarkObjects: 1.443250 ms  DeleteObjects: 0.078083 ms)

========================================================================
Received Prepare
Registering precompiled user dll's ...
Registered in 0.004176 seconds.
Begin MonoManager ReloadAssembly
Native extension for OSXStandalone target not found
Refreshing native plugins compatible for Editor in 0.59 ms, found 2 plugins.
Preloading 0 native plugins for Editor in 0.00 ms.
Mono: successfully reloaded assembly
- Completed reload, in  1.716 seconds
Platform modules already initialized, skipping
Refreshing native plugins compatible for Editor in 0.47 ms, found 2 plugins.
Preloading 0 native plugins for Editor in 0.00 ms.
Unloading 3291 Unused Serialized files (Serialized files now loaded: 0)
System memory in use before: 338.6 MB.
System memory in use after: 338.8 MB.

Unloading 15 unused Assets to reduce memory usage. Loaded Objects now: 3761.
Total: 1.685750 ms (FindLiveObjects: 0.150375 ms CreateObjectMapping: 0.158042 ms MarkObjects: 1.314458 ms  DeleteObjects: 0.062083 ms)

========================================================================
Received Prepare
Registering precompiled user dll's ...
Registered in 0.001396 seconds.
Begin MonoManager ReloadAssembly
Native extension for OSXStandalone target not found
Refreshing native plugins compatible for Editor in 0.59 ms, found 2 plugins.
Preloading 0 native plugins for Editor in 0.00 ms.
Mono: successfully reloaded assembly
- Completed reload, in  1.743 seconds
Platform modules already initialized, skipping
Refreshing native plugins compatible for Editor in 0.54 ms, found 2 plugins.
Preloading 0 native plugins for Editor in 0.00 ms.
Unloading 3291 Unused Serialized files (Serialized files now loaded: 0)
System memory in use before: 338.9 MB.
System memory in use after: 339.0 MB.

Unloading 15 unused Assets to reduce memory usage. Loaded Objects now: 3763.
Total: 1.836292 ms (FindLiveObjects: 0.170750 ms CreateObjectMapping: 0.159917 ms MarkObjects: 1.434500 ms  DeleteObjects: 0.069750 ms)

========================================================================
Received Prepare
Registering precompiled user dll's ...
Registered in 0.004174 seconds.
Begin MonoManager ReloadAssembly
Native extension for OSXStandalone target not found
Refreshing native plugins compatible for Editor in 0.57 ms, found 2 plugins.
Preloading 0 native plugins for Editor in 0.00 ms.
Mono: successfully reloaded assembly
- Completed reload, in  1.703 seconds
Platform modules already initialized, skipping
Refreshing native plugins compatible for Editor in 0.55 ms, found 2 plugins.
Preloading 0 native plugins for Editor in 0.00 ms.
Unloading 3291 Unused Serialized files (Serialized files now loaded: 0)
System memory in use before: 339.1 MB.
System memory in use after: 339.3 MB.

Unloading 15 unused Assets to reduce memory usage. Loaded Objects now: 3765.
Total: 1.827500 ms (FindLiveObjects: 0.203208 ms CreateObjectMapping: 0.157209 ms MarkObjects: 1.396750 ms  DeleteObjects: 0.067750 ms)

========================================================================
Received Prepare
Registering precompiled user dll's ...
Registered in 0.001453 seconds.
Begin MonoManager ReloadAssembly
Native extension for OSXStandalone target not found
Refreshing native plugins compatible for Editor in 0.59 ms, found 2 plugins.
Preloading 0 native plugins for Editor in 0.00 ms.
Mono: successfully reloaded assembly
- Completed reload, in  1.748 seconds
Platform modules already initialized, skipping
Refreshing native plugins compatible for Editor in 0.55 ms, found 2 plugins.
Preloading 0 native plugins for Editor in 0.00 ms.
Unloading 3291 Unused Serialized files (Serialized files now loaded: 0)
System memory in use before: 339.3 MB.
System memory in use after: 339.5 MB.

Unloading 15 unused Assets to reduce memory usage. Loaded Objects now: 3767.
Total: 2.496959 ms (FindLiveObjects: 0.328792 ms CreateObjectMapping: 0.291375 ms MarkObjects: 1.767125 ms  DeleteObjects: 0.099959 ms)

========================================================================
Received Prepare
Registering precompiled user dll's ...
Registered in 0.003884 seconds.
Begin MonoManager ReloadAssembly
Native extension for OSXStandalone target not found
Refreshing native plugins compatible for Editor in 0.57 ms, found 2 plugins.
Preloading 0 native plugins for Editor in 0.00 ms.
Mono: successfully reloaded assembly
- Completed reload, in  1.724 seconds
Platform modules already initialized, skipping
Refreshing native plugins compatible for Editor in 0.40 ms, found 2 plugins.
Preloading 0 native plugins for Editor in 0.00 ms.
Unloading 3291 Unused Serialized files (Serialized files now loaded: 0)
System memory in use before: 339.6 MB.
System memory in use after: 339.7 MB.

Unloading 15 unused Assets to reduce memory usage. Loaded Objects now: 3769.
Total: 1.702875 ms (FindLiveObjects: 0.161000 ms CreateObjectMapping: 0.157500 ms MarkObjects: 1.308500 ms  DeleteObjects: 0.074958 ms)

========================================================================
Received Prepare
Registering precompiled user dll's ...
Registered in 0.004087 seconds.
Begin MonoManager ReloadAssembly
Native extension for OSXStandalone target not found
Refreshing native plugins compatible for Editor in 0.57 ms, found 2 plugins.
Preloading 0 native plugins for Editor in 0.00 ms.
Mono: successfully reloaded assembly
- Completed reload, in  1.689 seconds
Platform modules already initialized, skipping
Refreshing native plugins compatible for Editor in 0.41 ms, found 2 plugins.
Preloading 0 native plugins for Editor in 0.00 ms.
Unloading 3291 Unused Serialized files (Serialized files now loaded: 0)
System memory in use before: 339.8 MB.
System memory in use after: 339.9 MB.

Unloading 15 unused Assets to reduce memory usage. Loaded Objects now: 3771.
Total: 1.724916 ms (FindLiveObjects: 0.161834 ms CreateObjectMapping: 0.157542 ms MarkObjects: 1.337083 ms  DeleteObjects: 0.067583 ms)

========================================================================
Received Prepare
Registering precompiled user dll's ...
Registered in 0.003714 seconds.
Begin MonoManager ReloadAssembly
Native extension for OSXStandalone target not found
Refreshing native plugins compatible for Editor in 0.59 ms, found 2 plugins.
Preloading 0 native plugins for Editor in 0.00 ms.
Mono: successfully reloaded assembly
- Completed reload, in  1.709 seconds
Platform modules already initialized, skipping
Refreshing native plugins compatible for Editor in 0.56 ms, found 2 plugins.
Preloading 0 native plugins for Editor in 0.00 ms.
Unloading 3291 Unused Serialized files (Serialized files now loaded: 0)
System memory in use before: 340.1 MB.
System memory in use after: 340.2 MB.

Unloading 15 unused Assets to reduce memory usage. Loaded Objects now: 3773.
Total: 1.783417 ms (FindLiveObjects: 0.188375 ms CreateObjectMapping: 0.154583 ms MarkObjects: 1.358167 ms  DeleteObjects: 0.081334 ms)

========================================================================
Received Prepare
Registering precompiled user dll's ...
Registered in 0.001437 seconds.
Begin MonoManager ReloadAssembly
Native extension for OSXStandalone target not found
Refreshing native plugins compatible for Editor in 0.61 ms, found 2 plugins.
Preloading 0 native plugins for Editor in 0.00 ms.
Mono: successfully reloaded assembly
- Completed reload, in  1.755 seconds
Platform modules already initialized, skipping
Refreshing native plugins compatible for Editor in 0.64 ms, found 2 plugins.
Preloading 0 native plugins for Editor in 0.00 ms.
Unloading 3291 Unused Serialized files (Serialized files now loaded: 0)
System memory in use before: 340.3 MB.
System memory in use after: 340.4 MB.

Unloading 15 unused Assets to reduce memory usage. Loaded Objects now: 3775.
Total: 1.784583 ms (FindLiveObjects: 0.184791 ms CreateObjectMapping: 0.159000 ms MarkObjects: 1.362541 ms  DeleteObjects: 0.077291 ms)

========================================================================
Received Prepare
Registering precompiled user dll's ...
Registered in 0.001399 seconds.
Begin MonoManager ReloadAssembly
Native extension for OSXStandalone target not found
Refreshing native plugins compatible for Editor in 0.61 ms, found 2 plugins.
Preloading 0 native plugins for Editor in 0.00 ms.
Mono: successfully reloaded assembly
- Completed reload, in  1.713 seconds
Platform modules already initialized, skipping
Refreshing native plugins compatible for Editor in 0.51 ms, found 2 plugins.
Preloading 0 native plugins for Editor in 0.00 ms.
Unloading 3291 Unused Serialized files (Serialized files now loaded: 0)
System memory in use before: 340.5 MB.
System memory in use after: 340.7 MB.

Unloading 15 unused Assets to reduce memory usage. Loaded Objects now: 3777.
Total: 1.815208 ms (FindLiveObjects: 0.210416 ms CreateObjectMapping: 0.160500 ms MarkObjects: 1.367333 ms  DeleteObjects: 0.075875 ms)

========================================================================
Received Prepare
Registering precompiled user dll's ...
Registered in 0.002334 seconds.
Begin MonoManager ReloadAssembly
Native extension for OSXStandalone target not found
Refreshing native plugins compatible for Editor in 0.57 ms, found 2 plugins.
Preloading 0 native plugins for Editor in 0.00 ms.
Mono: successfully reloaded assembly
- Completed reload, in  1.672 seconds
Platform modules already initialized, skipping
Refreshing native plugins compatible for Editor in 0.33 ms, found 2 plugins.
Preloading 0 native plugins for Editor in 0.00 ms.
Unloading 3291 Unused Serialized files (Serialized files now loaded: 0)
System memory in use before: 340.8 MB.
System memory in use after: 340.9 MB.

Unloading 15 unused Assets to reduce memory usage. Loaded Objects now: 3779.
Total: 1.719333 ms (FindLiveObjects: 0.163791 ms CreateObjectMapping: 0.158875 ms MarkObjects: 1.325875 ms  DeleteObjects: 0.069625 ms)

========================================================================
Received Prepare
Registering precompiled user dll's ...
Registered in 0.004541 seconds.
Begin MonoManager ReloadAssembly
Native extension for OSXStandalone target not found
Refreshing native plugins compatible for Editor in 0.59 ms, found 2 plugins.
Preloading 0 native plugins for Editor in 0.00 ms.
Mono: successfully reloaded assembly
- Completed reload, in  1.679 seconds
Platform modules already initialized, skipping
Refreshing native plugins compatible for Editor in 0.42 ms, found 2 plugins.
Preloading 0 native plugins for Editor in 0.00 ms.
Unloading 3291 Unused Serialized files (Serialized files now loaded: 0)
System memory in use before: 341.0 MB.
System memory in use after: 341.1 MB.

Unloading 15 unused Assets to reduce memory usage. Loaded Objects now: 3781.
Total: 1.715000 ms (FindLiveObjects: 0.166000 ms CreateObjectMapping: 0.161416 ms MarkObjects: 1.313792 ms  DeleteObjects: 0.073000 ms)

========================================================================
Received Import Request.
  Time since last request: 1278.433406 seconds.
  path: Assets/Scripts/Restart.cs
  artifactKey: Guid(9d6e137cfd11c481ea2465c902d3b527) Importer(815301076,1909f56bfc062723c751e8b465ee728b)
Start importing Assets/Scripts/Restart.cs using Guid(9d6e137cfd11c481ea2465c902d3b527) Importer(815301076,1909f56bfc062723c751e8b465ee728b)  -> (artifact id: '89235989ce520d92bdce29f7b2c3eddb') in 0.118359 seconds 
========================================================================
Received Prepare
Registering precompiled user dll's ...
Registered in 0.001775 seconds.
Begin MonoManager ReloadAssembly
Native extension for OSXStandalone target not found
Refreshing native plugins compatible for Editor in 0.67 ms, found 2 plugins.
Preloading 0 native plugins for Editor in 0.00 ms.
Mono: successfully reloaded assembly
- Completed reload, in  1.768 seconds
Platform modules already initialized, skipping
Refreshing native plugins compatible for Editor in 0.38 ms, found 2 plugins.
Preloading 0 native plugins for Editor in 0.00 ms.
Unloading 3292 Unused Serialized files (Serialized files now loaded: 0)
System memory in use before: 345.5 MB.
System memory in use after: 345.7 MB.

Unloading 15 unused Assets to reduce memory usage. Loaded Objects now: 3784.
Total: 1.700708 ms (FindLiveObjects: 0.147125 ms CreateObjectMapping: 0.156917 ms MarkObjects: 1.330125 ms  DeleteObjects: 0.065167 ms)

========================================================================
Received Prepare
Registering precompiled user dll's ...
Registered in 0.004091 seconds.
Begin MonoManager ReloadAssembly
Native extension for OSXStandalone target not found
Refreshing native plugins compatible for Editor in 0.58 ms, found 2 plugins.
Preloading 0 native plugins for Editor in 0.00 ms.
Mono: successfully reloaded assembly
- Completed reload, in  1.771 seconds
Platform modules already initialized, skipping
Refreshing native plugins compatible for Editor in 0.38 ms, found 2 plugins.
Preloading 0 native plugins for Editor in 0.00 ms.
Unloading 3292 Unused Serialized files (Serialized files now loaded: 0)
System memory in use before: 345.7 MB.
System memory in use after: 345.9 MB.

Unloading 15 unused Assets to reduce memory usage. Loaded Objects now: 3786.
Total: 1.804875 ms (FindLiveObjects: 0.165625 ms CreateObjectMapping: 0.161292 ms MarkObjects: 1.406459 ms  DeleteObjects: 0.070791 ms)

========================================================================
Received Prepare
Registering precompiled user dll's ...
Registered in 0.003304 seconds.
Begin MonoManager ReloadAssembly
Native extension for OSXStandalone target not found
Refreshing native plugins compatible for Editor in 0.57 ms, found 2 plugins.
Preloading 0 native plugins for Editor in 0.00 ms.
Mono: successfully reloaded assembly
- Completed reload, in  1.725 seconds
Platform modules already initialized, skipping
Refreshing native plugins compatible for Editor in 0.59 ms, found 2 plugins.
Preloading 0 native plugins for Editor in 0.00 ms.
Unloading 3292 Unused Serialized files (Serialized files now loaded: 0)
System memory in use before: 346.0 MB.
System memory in use after: 346.1 MB.

Unloading 15 unused Assets to reduce memory usage. Loaded Objects now: 3788.
Total: 1.791209 ms (FindLiveObjects: 0.150625 ms CreateObjectMapping: 0.145500 ms MarkObjects: 1.419625 ms  DeleteObjects: 0.074500 ms)

========================================================================
Received Prepare
Registering precompiled user dll's ...
Registered in 0.003325 seconds.
Begin MonoManager ReloadAssembly
Native extension for OSXStandalone target not found
Refreshing native plugins compatible for Editor in 0.62 ms, found 2 plugins.
Preloading 0 native plugins for Editor in 0.00 ms.
Mono: successfully reloaded assembly
- Completed reload, in  1.827 seconds
Platform modules already initialized, skipping
Refreshing native plugins compatible for Editor in 0.61 ms, found 2 plugins.
Preloading 0 native plugins for Editor in 0.00 ms.
Unloading 3291 Unused Serialized files (Serialized files now loaded: 0)
System memory in use before: 346.2 MB.
System memory in use after: 346.3 MB.

Unloading 16 unused Assets to reduce memory usage. Loaded Objects now: 3789.
Total: 1.932041 ms (FindLiveObjects: 0.221500 ms CreateObjectMapping: 0.165416 ms MarkObjects: 1.468209 ms  DeleteObjects: 0.075708 ms)

========================================================================
Received Prepare
Registering precompiled user dll's ...
Registered in 0.004128 seconds.
Begin MonoManager ReloadAssembly
Native extension for OSXStandalone target not found
Refreshing native plugins compatible for Editor in 0.57 ms, found 2 plugins.
Preloading 0 native plugins for Editor in 0.00 ms.
Mono: successfully reloaded assembly
- Completed reload, in  1.833 seconds
Platform modules already initialized, skipping
Refreshing native plugins compatible for Editor in 0.58 ms, found 2 plugins.
Preloading 0 native plugins for Editor in 0.00 ms.
Unloading 3291 Unused Serialized files (Serialized files now loaded: 0)
System memory in use before: 346.4 MB.
System memory in use after: 346.6 MB.

Unloading 15 unused Assets to reduce memory usage. Loaded Objects now: 3791.
Total: 1.710292 ms (FindLiveObjects: 0.180042 ms CreateObjectMapping: 0.154125 ms MarkObjects: 1.305459 ms  DeleteObjects: 0.069542 ms)

========================================================================
Received Prepare
Registering precompiled user dll's ...
Registered in 0.005081 seconds.
Begin MonoManager ReloadAssembly
Native extension for OSXStandalone target not found
Refreshing native plugins compatible for Editor in 0.62 ms, found 2 plugins.
Preloading 0 native plugins for Editor in 0.00 ms.
Mono: successfully reloaded assembly
- Completed reload, in  1.829 seconds
Platform modules already initialized, skipping
Refreshing native plugins compatible for Editor in 0.63 ms, found 2 plugins.
Preloading 0 native plugins for Editor in 0.00 ms.
Unloading 3291 Unused Serialized files (Serialized files now loaded: 0)
System memory in use before: 346.6 MB.
System memory in use after: 346.8 MB.

Unloading 15 unused Assets to reduce memory usage. Loaded Objects now: 3793.
Total: 1.776208 ms (FindLiveObjects: 0.207125 ms CreateObjectMapping: 0.158250 ms MarkObjects: 1.333375 ms  DeleteObjects: 0.076375 ms)

========================================================================
Received Prepare
Registering precompiled user dll's ...
Registered in 0.004061 seconds.
Begin MonoManager ReloadAssembly
Native extension for OSXStandalone target not found
Refreshing native plugins compatible for Editor in 0.63 ms, found 2 plugins.
Preloading 0 native plugins for Editor in 0.00 ms.
Mono: successfully reloaded assembly
- Completed reload, in  1.753 seconds
Platform modules already initialized, skipping
Refreshing native plugins compatible for Editor in 0.45 ms, found 2 plugins.
Preloading 0 native plugins for Editor in 0.00 ms.
Unloading 3291 Unused Serialized files (Serialized files now loaded: 0)
System memory in use before: 346.9 MB.
System memory in use after: 347.0 MB.

Unloading 15 unused Assets to reduce memory usage. Loaded Objects now: 3795.
Total: 1.748542 ms (FindLiveObjects: 0.154541 ms CreateObjectMapping: 0.160334 ms MarkObjects: 1.366375 ms  DeleteObjects: 0.066417 ms)

========================================================================
Received Prepare
Registering precompiled user dll's ...
Registered in 0.003583 seconds.
Begin MonoManager ReloadAssembly
Native extension for OSXStandalone target not found
Refreshing native plugins compatible for Editor in 0.57 ms, found 2 plugins.
Preloading 0 native plugins for Editor in 0.00 ms.
Mono: successfully reloaded assembly
- Completed reload, in  1.767 seconds
Platform modules already initialized, skipping
Refreshing native plugins compatible for Editor in 0.49 ms, found 2 plugins.
Preloading 0 native plugins for Editor in 0.00 ms.
Unloading 3291 Unused Serialized files (Serialized files now loaded: 0)
System memory in use before: 347.1 MB.
System memory in use after: 347.3 MB.

Unloading 15 unused Assets to reduce memory usage. Loaded Objects now: 3797.
Total: 1.709625 ms (FindLiveObjects: 0.159167 ms CreateObjectMapping: 0.160125 ms MarkObjects: 1.318667 ms  DeleteObjects: 0.070708 ms)

========================================================================
Received Prepare
Registering precompiled user dll's ...
Registered in 0.004239 seconds.
Begin MonoManager ReloadAssembly
Native extension for OSXStandalone target not found
Refreshing native plugins compatible for Editor in 0.92 ms, found 2 plugins.
Preloading 0 native plugins for Editor in 0.00 ms.
Mono: successfully reloaded assembly
- Completed reload, in  1.776 seconds
Platform modules already initialized, skipping
Refreshing native plugins compatible for Editor in 0.58 ms, found 2 plugins.
Preloading 0 native plugins for Editor in 0.00 ms.
Unloading 3291 Unused Serialized files (Serialized files now loaded: 0)
System memory in use before: 347.3 MB.
System memory in use after: 347.5 MB.

Unloading 15 unused Assets to reduce memory usage. Loaded Objects now: 3799.
Total: 1.741917 ms (FindLiveObjects: 0.192750 ms CreateObjectMapping: 0.152459 ms MarkObjects: 1.323250 ms  DeleteObjects: 0.072750 ms)

========================================================================
Received Prepare
Registering precompiled user dll's ...
Registered in 0.001399 seconds.
Begin MonoManager ReloadAssembly
Native extension for OSXStandalone target not found
Refreshing native plugins compatible for Editor in 0.57 ms, found 2 plugins.
Preloading 0 native plugins for Editor in 0.00 ms.
Mono: successfully reloaded assembly
- Completed reload, in  1.728 seconds
Platform modules already initialized, skipping
Refreshing native plugins compatible for Editor in 0.45 ms, found 2 plugins.
Preloading 0 native plugins for Editor in 0.00 ms.
Unloading 3291 Unused Serialized files (Serialized files now loaded: 0)
System memory in use before: 347.6 MB.
System memory in use after: 347.7 MB.

Unloading 15 unused Assets to reduce memory usage. Loaded Objects now: 3801.
Total: 1.706291 ms (FindLiveObjects: 0.148625 ms CreateObjectMapping: 0.158959 ms MarkObjects: 1.334209 ms  DeleteObjects: 0.063583 ms)

========================================================================
Received Prepare
Registering precompiled user dll's ...
Registered in 0.001425 seconds.
Begin MonoManager ReloadAssembly
Native extension for OSXStandalone target not found
Refreshing native plugins compatible for Editor in 0.60 ms, found 2 plugins.
Preloading 0 native plugins for Editor in 0.00 ms.
Mono: successfully reloaded assembly
- Completed reload, in  1.720 seconds
Platform modules already initialized, skipping
Refreshing native plugins compatible for Editor in 0.58 ms, found 2 plugins.
Preloading 0 native plugins for Editor in 0.00 ms.
Unloading 3291 Unused Serialized files (Serialized files now loaded: 0)
System memory in use before: 347.8 MB.
System memory in use after: 348.0 MB.

Unloading 15 unused Assets to reduce memory usage. Loaded Objects now: 3803.
Total: 1.763334 ms (FindLiveObjects: 0.180875 ms CreateObjectMapping: 0.156167 ms MarkObjects: 1.359875 ms  DeleteObjects: 0.065584 ms)

========================================================================
Received Prepare
Registering precompiled user dll's ...
Registered in 0.004904 seconds.
Begin MonoManager ReloadAssembly
Native extension for OSXStandalone target not found
Refreshing native plugins compatible for Editor in 0.59 ms, found 2 plugins.
Preloading 0 native plugins for Editor in 0.00 ms.
Mono: successfully reloaded assembly
- Completed reload, in  1.805 seconds
Platform modules already initialized, skipping
Refreshing native plugins compatible for Editor in 0.55 ms, found 2 plugins.
Preloading 0 native plugins for Editor in 0.00 ms.
Unloading 3291 Unused Serialized files (Serialized files now loaded: 0)
System memory in use before: 348.0 MB.
System memory in use after: 348.2 MB.

Unloading 15 unused Assets to reduce memory usage. Loaded Objects now: 3805.
Total: 2.133667 ms (FindLiveObjects: 0.249625 ms CreateObjectMapping: 0.169625 ms MarkObjects: 1.614709 ms  DeleteObjects: 0.098792 ms)

========================================================================
Received Prepare
Registering precompiled user dll's ...
Registered in 0.003305 seconds.
Begin MonoManager ReloadAssembly
Native extension for OSXStandalone target not found
Refreshing native plugins compatible for Editor in 0.62 ms, found 2 plugins.
Preloading 0 native plugins for Editor in 0.00 ms.
Mono: successfully reloaded assembly
- Completed reload, in  1.707 seconds
Platform modules already initialized, skipping
Refreshing native plugins compatible for Editor in 0.53 ms, found 2 plugins.
Preloading 0 native plugins for Editor in 0.00 ms.
Unloading 3291 Unused Serialized files (Serialized files now loaded: 0)
System memory in use before: 348.3 MB.
System memory in use after: 348.4 MB.

Unloading 15 unused Assets to reduce memory usage. Loaded Objects now: 3807.
Total: 1.692167 ms (FindLiveObjects: 0.159250 ms CreateObjectMapping: 0.158333 ms MarkObjects: 1.305375 ms  DeleteObjects: 0.068292 ms)

========================================================================
Received Import Request.
  Time since last request: 2213.322408 seconds.
  path: Assets/Scripts/Score.cs
  artifactKey: Guid(639bce73c0af94ad0a0e3eb3188a3fc6) Importer(815301076,1909f56bfc062723c751e8b465ee728b)
Start importing Assets/Scripts/Score.cs using Guid(639bce73c0af94ad0a0e3eb3188a3fc6) Importer(815301076,1909f56bfc062723c751e8b465ee728b)  -> (artifact id: 'c4defa8504a33857a3392d2911633d7f') in 0.009981 seconds 
========================================================================
Received Prepare
Registering precompiled user dll's ...
Registered in 0.001772 seconds.
Begin MonoManager ReloadAssembly
Native extension for OSXStandalone target not found
Refreshing native plugins compatible for Editor in 0.70 ms, found 2 plugins.
Preloading 0 native plugins for Editor in 0.00 ms.
Mono: successfully reloaded assembly
- Completed reload, in  1.908 seconds
Platform modules already initialized, skipping
Refreshing native plugins compatible for Editor in 0.39 ms, found 2 plugins.
Preloading 0 native plugins for Editor in 0.00 ms.
Unloading 3292 Unused Serialized files (Serialized files now loaded: 0)
System memory in use before: 348.5 MB.
System memory in use after: 348.7 MB.

Unloading 15 unused Assets to reduce memory usage. Loaded Objects now: 3810.
Total: 1.692958 ms (FindLiveObjects: 0.164917 ms CreateObjectMapping: 0.157291 ms MarkObjects: 1.303250 ms  DeleteObjects: 0.066375 ms)

========================================================================
Received Prepare
Registering precompiled user dll's ...
Registered in 0.002482 seconds.
Begin MonoManager ReloadAssembly
Native extension for OSXStandalone target not found
Refreshing native plugins compatible for Editor in 0.60 ms, found 2 plugins.
Preloading 0 native plugins for Editor in 0.00 ms.
Mono: successfully reloaded assembly
- Completed reload, in  1.902 seconds
Platform modules already initialized, skipping
Refreshing native plugins compatible for Editor in 0.74 ms, found 2 plugins.
Preloading 0 native plugins for Editor in 0.00 ms.
Unloading 3291 Unused Serialized files (Serialized files now loaded: 0)
System memory in use before: 348.7 MB.
System memory in use after: 348.9 MB.

Unloading 16 unused Assets to reduce memory usage. Loaded Objects now: 3811.
Total: 1.829000 ms (FindLiveObjects: 0.189333 ms CreateObjectMapping: 0.159167 ms MarkObjects: 1.396541 ms  DeleteObjects: 0.083208 ms)

========================================================================
Received Prepare
Registering precompiled user dll's ...
Registered in 0.004064 seconds.
Begin MonoManager ReloadAssembly
Native extension for OSXStandalone target not found
Refreshing native plugins compatible for Editor in 0.59 ms, found 2 plugins.
Preloading 0 native plugins for Editor in 0.00 ms.
Mono: successfully reloaded assembly
- Completed reload, in  1.817 seconds
Platform modules already initialized, skipping
Refreshing native plugins compatible for Editor in 0.64 ms, found 2 plugins.
Preloading 0 native plugins for Editor in 0.00 ms.
Unloading 3291 Unused Serialized files (Serialized files now loaded: 0)
System memory in use before: 349.0 MB.
System memory in use after: 349.1 MB.

Unloading 15 unused Assets to reduce memory usage. Loaded Objects now: 3813.
Total: 2.131917 ms (FindLiveObjects: 0.220333 ms CreateObjectMapping: 0.166041 ms MarkObjects: 1.659625 ms  DeleteObjects: 0.084750 ms)

========================================================================
Received Prepare
Registering precompiled user dll's ...
Registered in 0.005541 seconds.
Begin MonoManager ReloadAssembly
Symbol file LoadedFromMemory is not a mono symbol file
Symbol file LoadedFromMemory is not a mono symbol file
Native extension for OSXStandalone target not found
Refreshing native plugins compatible for Editor in 0.70 ms, found 3 plugins.
Preloading 0 native plugins for Editor in 0.00 ms.
Mono: successfully reloaded assembly
- Completed reload, in  1.843 seconds
Platform modules already initialized, skipping
Refreshing native plugins compatible for Editor in 0.70 ms, found 3 plugins.
Preloading 0 native plugins for Editor in 0.00 ms.
Unloading 3310 Unused Serialized files (Serialized files now loaded: 0)
System memory in use before: 349.9 MB.
System memory in use after: 350.1 MB.

Unloading 32 unused Assets to reduce memory usage. Loaded Objects now: 3859.
Total: 1.781291 ms (FindLiveObjects: 0.177375 ms CreateObjectMapping: 0.157292 ms MarkObjects: 1.366958 ms  DeleteObjects: 0.078833 ms)

========================================================================
Received Prepare
Registering precompiled user dll's ...
Registered in 0.003908 seconds.
Begin MonoManager ReloadAssembly
Symbol file LoadedFromMemory is not a mono symbol file
Symbol file LoadedFromMemory is not a mono symbol file
Symbol file LoadedFromMemory is not a mono symbol file
Symbol file LoadedFromMemory is not a mono symbol file
Native extension for OSXStandalone target not found
Refreshing native plugins compatible for Editor in 0.86 ms, found 3 plugins.
Preloading 0 native plugins for Editor in 0.00 ms.
Mono: successfully reloaded assembly
- Completed reload, in  2.001 seconds
Platform modules already initialized, skipping
Refreshing native plugins compatible for Editor in 0.68 ms, found 3 plugins.
Preloading 0 native plugins for Editor in 0.00 ms.
Unloading 3310 Unused Serialized files (Serialized files now loaded: 0)
System memory in use before: 353.4 MB.
System memory in use after: 353.6 MB.

Unloading 32 unused Assets to reduce memory usage. Loaded Objects now: 3861.
Total: 1.883041 ms (FindLiveObjects: 0.190000 ms CreateObjectMapping: 0.164042 ms MarkObjects: 1.455667 ms  DeleteObjects: 0.072208 ms)

